<?xml version="1.0" encoding="UTF-8"?>
<testsuite xmlns:xsi="http://www.w3.org/2001/XMLSchema-instance" xsi:noNamespaceSchemaLocation="https://maven.apache.org/surefire/maven-surefire-plugin/xsd/surefire-test-report.xsd" version="3.0.2" name="TestSuite" time="8.636" tests="10" errors="0" skipped="0" failures="0">
  <properties>
[...]
</properties>
  <testcase name="testRegister" classname="restassured.RestAssuredImpl" time="1.855">
    <system-out><![CDATA[Request method:	POST
Request URI:	https://whitesmokehouse.com/webhook/api/register
Proxy:			<none>
Request params:	<none>
Query params:	<none>
Form params:	<none>
Path params:	<none>
Headers:		Accept=*/*
				Content-Type=application/json
Cookies:		<none>
Multiparts:		<none>
Body:
{
    "email": "daffa.virdianto3@gmail.com",
    "full_name": "Daffa Virdianto",
    "password": "D@ffa123",
    "department": "Human Resource",
    "phone_number": "081325018827"
}
Response: {
    "id": "152",
    "email": "daffa.virdianto3@gmail.com",
    "full_name": "Daffa Virdianto",
    "department": "Human Resource",
    "phone_number": "081325018827",
    "create_at": "2025-05-19T02:17:26.393Z",
    "update_at": "2025-05-19T02:17:26.393Z"
}
]]></system-out>
    <system-err><![CDATA[SLF4J(W): No SLF4J providers were found.
SLF4J(W): Defaulting to no-operation (NOP) logger implementation
SLF4J(W): See https://www.slf4j.org/codes.html#noProviders for further details.
]]></system-err>
  </testcase>
  <testcase name="testLogin" classname="restassured.RestAssuredImpl" time="0.639">
    <system-out><![CDATA[Request method:	POST
Request URI:	https://whitesmokehouse.com/webhook/api/login
Proxy:			<none>
Request params:	<none>
Query params:	<none>
Form params:	<none>
Path params:	<none>
Headers:		Accept=*/*
				Content-Type=application/json
Cookies:		<none>
Multiparts:		<none>
Body:
{
    "email": "daffa.virdianto1@gmail.com",
    "password": "D@ffa123"
}
Response: {
    "token": "eyJhbGciOiJIUzI1NiIsInR5cCI6IkpXVCJ9.eyJpZCI6IjE0NyIsImlhdCI6MTc0NzYyMTA0N30.g8yhkq2H2IszrECwwS5myUQqo1v1rwSqI3hFX3CPjuI"
}
]]></system-out>
  </testcase>
  <testcase name="testGetAllDepartments" classname="restassured.RestAssuredImpl" time="0.696">
    <system-out><![CDATA[Request method:	GET
Request URI:	https://whitesmokehouse.com/webhook/api/department
Proxy:			<none>
Request params:	<none>
Query params:	<none>
Form params:	<none>
Path params:	<none>
Headers:		Authorization=Bearer eyJhbGciOiJIUzI1NiIsInR5cCI6IkpXVCJ9.eyJpZCI6IjE0NyIsImlhdCI6MTc0NzYyMTA0N30.g8yhkq2H2IszrECwwS5myUQqo1v1rwSqI3hFX3CPjuI
				Accept=*/*
				Content-Type=application/json
Cookies:		<none>
Multiparts:		<none>
Body:			<none>
Response: [
    {
        "id": 1,
        "department": "Technology"
    },
    {
        "id": 2,
        "department": "Human Resource"
    },
    {
        "id": 3,
        "department": "Finance"
    },
    {
        "id": 4,
        "department": "Executive"
    }
]
]]></system-out>
  </testcase>
  <testcase name="testGetListAllObjects" classname="restassured.RestAssuredImpl" time="0.674">
    <system-out><![CDATA[Request method:	GET
Request URI:	https://whitesmokehouse.com/webhook/api/objects
Proxy:			<none>
Request params:	<none>
Query params:	<none>
Form params:	<none>
Path params:	<none>
Headers:		Authorization=Bearer eyJhbGciOiJIUzI1NiIsInR5cCI6IkpXVCJ9.eyJpZCI6IjE0NyIsImlhdCI6MTc0NzYyMTA0N30.g8yhkq2H2IszrECwwS5myUQqo1v1rwSqI3hFX3CPjuI
				Accept=*/*
				Content-Type=application/json
Cookies:		<none>
Multiparts:		<none>
Body:			<none>
Response: [
    {
        "id": 36,
        "name": "Apple MacBook Pro 16",
        "data": {
            "year": "2019",
            "price": "1849.99",
            "CPU model": "Intel Core i9",
            "Hard disk size": "1 TB",
            "color": "red",
            "capacity": 2,
            "screen_size": 14
        }
    },
    {
        "id": 40,
        "name": "Apple MacBook Pro 16",
        "data": {
            "year": "2019",
            "price": "1849.99",
            "CPU model": "Intel Core i9",
            "Hard disk size": "1 TB",
            "color": "red",
            "capacity": 2,
            "screen_size": 14
        }
    },
    {
        "id": 18,
        "name": "Apple MacBook Pro 1611-albert12",
        "data": {
            "year": "2030",
            "price": "1849.99",
            "CPU model": "Intel Core i9",
            "Hard disk size": "1 TB",
            "color": "red",
            "capacity": 2,
            "screen_size": 14
        }
    },
    {
        "id": 13,
        "name": "Apple MacBook Pro 16 - Alifa",
        "data": {
            "year": "2019",
            "price": "1849.99",
            "CPU model": "Intel Core i9",
            "Hard disk size": "1 TB",
            "color": "red",
            "capacity": 2,
            "screen_size": 14
        }
    },
    {
        "id": 14,
        "name": "Apple MacBook Pro 16 - Alifa",
        "data": {
            "year": "2019",
            "price": "1849.99",
            "CPU model": "Intel Core i9",
            "Hard disk size": "1 TB",
            "color": "red",
            "capacity": 2,
            "screen_size": 14
        }
    },
    {
        "id": 16,
        "name": "Apple MacBook Pro 16 - Alifa",
        "data": {
            "year": "2019",
            "price": "1849.99",
            "CPU model": "Intel Core i9",
            "Hard disk size": "1 TB",
            "color": "red",
            "capacity": 2,
            "screen_size": 14
        }
    },
    {
        "id": 19,
        "name": "Apple MacBook Pro 16 - Alifa Final",
        "data": {
            "year": "2019",
            "price": "1849.99",
            "CPU model": "Intel Core i9",
            "Hard disk size": "1 TB",
            "color": "red",
            "capacity": 2,
            "screen_size": 14
        }
    },
    {
        "id": 67,
        "name": "Lenovo K14",
        "data": {
            "year": "2024",
            "price": "1849.99",
            "CPU model": "Intel Core i9",
            "Hard disk size": "1 TB",
            "color": "Gray",
            "capacity": 2,
            "screen_size": 14
        }
    },
    {
        "id": 60,
        "name": "Apple MacBook Pro 16",
        "data": {
            "year": "2019",
            "price": "1849.99",
            "CPU model": "Intel Core i9",
            "Hard disk size": "1 TB",
            "color": "red",
            "capacity": 2,
            "screen_size": 14
        }
    },
    {
        "id": 46,
        "name": "Lenovo K14",
        "data": {
            "year": "2024",
            "price": "1849.99",
            "CPU model": "Intel Core i9",
            "Hard disk size": "1 TB",
            "color": "black",
            "capacity": 2,
            "screen_size": 14
        }
    },
    {
        "id": 22,
        "name": "Produk coba coba",
        "data": {
            "year": "2019",
            "price": "1849.99",
            "CPU model": "Intel Core i9",
            "Hard disk size": "1 TB",
            "color": "red",
            "capacity": 2,
            "screen_size": 14
        }
    },
    {
        "id": 23,
        "name": "Apple MacBook Pro 16",
        "data": {
            "year": "2019",
            "price": "1849.99",
            "CPU model": "Intel Core i9",
            "Hard disk size": "1 TB",
            "color": "red",
            "capacity": 2,
            "screen_size": 14
        }
    },
    {
        "id": 24,
        "name": "Apple MacBook Pro 16",
        "data": {
            "year": "2019",
            "price": "1849.99",
            "CPU model": "Intel Core i9",
            "Hard disk size": "1 TB",
            "color": "red",
            "capacity": 2,
            "screen_size": 14
        }
    },
    {
        "id": 49,
        "name": "Apple MacBook Pro 16",
        "data": {
            "year": "2019",
            "price": "1849.99",
            "CPU model": "Intel Core i9",
            "Hard disk size": "1 TB",
            "color": "red",
            "capacity": 2,
            "screen_size": 14
        }
    },
    {
        "id": 25,
        "name": "Produk coba coba",
        "data": {
            "year": "2019",
            "price": "1849.99",
            "CPU model": "Intel Core i9",
            "Hard disk size": "1 TB",
            "color": "red",
            "capacity": 2,
            "screen_size": 14
        }
    },
    {
        "id": 26,
        "name": "Produk coba coba",
        "data": {
            "year": "2019",
            "price": "1849.99",
            "CPU model": "Intel Core i9",
            "Hard disk size": "1 TB",
            "color": "red",
            "capacity": 2,
            "screen_size": 14
        }
    },
    {
        "id": 27,
        "name": "Apple MacBook Pro 16",
        "data": {
            "year": "2019",
            "price": "1849.99",
            "CPU model": "Intel Core i9",
            "Hard disk size": "1 TB",
            "color": "red",
            "capacity": 2,
            "screen_size": 14
        }
    },
    {
        "id": 28,
        "name": "Apple MacBook Pro 16 - Alifa",
        "data": {
            "year": "2019",
            "price": "1849.99",
            "CPU model": "Intel Core i9",
            "Hard disk size": "1 TB",
            "color": "red",
            "capacity": 2,
            "screen_size": 14
        }
    },
    {
        "id": 9,
        "name": "Apple MacBook Pro 25 - Alifa Updated",
        "data": {
            "year": "2025",
            "price": "1999.99",
            "CPU model": "M5",
            "Hard disk size": "2 TB",
            "color": "grey",
            "capacity": 1,
            "screen_size": 13
        }
    },
    {
        "id": 30,
        "name": "Apple MacBook Pro 16",
        "data": {
            "year": "2019",
            "price": "1849.99",
            "CPU model": "Intel Core i9",
            "Hard disk size": "1 TB",
            "color": "red",
            "capacity": 2,
            "screen_size": 14
        }
    },
    {
        "id": 31,
        "name": "Lenovo K14",
        "data": {
            "year": "2024",
            "price": "1849.99",
            "CPU model": "Intel Core i9",
            "Hard disk size": "1 TB",
            "color": "black",
            "capacity": 2,
            "screen_size": 14
        }
    },
    {
        "id": 32,
        "name": "Apple MacBook Pro 16",
        "data": {
            "year": "2019",
            "price": "1849.99",
            "CPU model": "Intel Core i9",
            "Hard disk size": "1 TB",
            "color": "red",
            "capacity": 2,
            "screen_size": 14
        }
    },
    {
        "id": 33,
        "name": "Apple MacBook Pro 16",
        "data": {
            "year": "2019",
            "price": "1849.99",
            "CPU model": "Intel Core i9",
            "Hard disk size": "1 TB",
            "color": "red",
            "capacity": 2,
            "screen_size": 14
        }
    },
    {
        "id": 50,
        "name": "Apple MacBook Pro 16",
        "data": {
            "year": "2019",
            "price": "1849.99",
            "CPU model": "Intel Core i9",
            "Hard disk size": "1 TB",
            "color": "red",
            "capacity": 2,
            "screen_size": 14
        }
    },
    {
        "id": 83,
        "name": "Apple MacBook Pro 1611-albert12",
        "data": {
            "year": "2030",
            "price": "1849.99",
            "CPU model": "Intel Core i9",
            "Hard disk size": "1 TB",
            "color": "red",
            "capacity": 2,
            "screen_size": 14
        }
    },
    {
        "id": 62,
        "name": "Apple MacBook Pro M1",
        "data": {
            "year": "2020",
            "price": "1849.99",
            "CPU model": "Intel Core i9",
            "Hard disk size": "1 TB",
            "color": "blue",
            "capacity": 2,
            "screen_size": 14
        }
    },
    {
        "id": 51,
        "name": "Lenovo K14",
        "data": {
            "year": "2024",
            "price": "1849.99",
            "CPU model": "Intel Core i9",
            "Hard disk size": "1 TB",
            "color": "black",
            "capacity": 2,
            "screen_size": 14
        }
    },
    {
        "id": 53,
        "name": "Apple MacBook Pro 16",
        "data": {
            "year": "2019",
            "price": "1849.99",
            "CPU model": "Intel Core i9",
            "Hard disk size": "1 TB",
            "color": "red",
            "capacity": 2,
            "screen_size": 14
        }
    },
    {
        "id": 17,
        "name": "Apple MacBook Pro 1611-albert12",
        "data": {
            "year": "2030",
            "price": "1849.99",
            "CPU model": "Intel Core i9",
            "Hard disk size": "1 TB",
            "color": "red",
            "capacity": 2,
            "screen_size": 14
        }
    },
    {
        "id": 73,
        "name": "Apple MacBook Pro 16",
        "data": {
            "year": "2019",
            "price": "1849.99",
            "CPU model": "Intel Core i9",
            "Hard disk size": "1 TB",
            "color": "red",
            "capacity": 2,
            "screen_size": 14
        }
    },
    {
        "id": 66,
        "name": "Lenovo K14",
        "data": {
            "year": "2024",
            "price": "1849.99",
            "CPU model": "Intel Core i9",
            "Hard disk size": "1 TB",
            "color": "black",
            "capacity": 2,
            "screen_size": 14
        }
    },
    {
        "id": 80,
        "name": "Apple MacBook Pro 16",
        "data": {
            "year": "2019",
            "price": "1849.99",
            "CPU model": "Intel Core i9",
            "Hard disk size": "1 TB",
            "color": "red",
            "capacity": 2,
            "screen_size": 14
        }
    },
    {
        "id": 77,
        "name": "Apple MacBook Pro 16",
        "data": {
            "year": "2019",
            "price": "1849.99",
            "CPU model": "Intel Core i9",
            "Hard disk size": "1 TB",
            "color": "red",
            "capacity": 2,
            "screen_size": 14
        }
    },
    {
        "id": 76,
        "name": "Apple MacBook Pro 16",
        "data": {
            "year": "2019",
            "price": "1849.99",
            "CPU model": "Intel Core i9",
            "Hard disk size": "1 TB",
            "color": "red",
            "capacity": 2,
            "screen_size": 14
        }
    },
    {
        "id": 79,
        "name": "Apple MacBook Pro 16",
        "data": {
            "year": "2019",
            "price": "1849.99",
            "CPU model": "Intel Core i9",
            "Hard disk size": "1 TB",
            "color": "red",
            "capacity": 2,
            "screen_size": 14
        }
    },
    {
        "id": 81,
        "name": "Apple MacBook Pro 16",
        "data": {
            "year": "2019",
            "price": "1849.99",
            "CPU model": "Intel Core i9",
            "Hard disk size": "1 TB",
            "color": "red",
            "capacity": 2,
            "screen_size": 14
        }
    },
    {
        "id": 41,
        "name": "Edit by destia - test partiallupdate",
        "data": {
            "year": "2030",
            "price": "1849.99",
            "CPU model": "Intel Core i9",
            "Hard disk size": "1 TB",
            "color": "red",
            "capacity": 2,
            "screen_size": 14
        }
    },
    {
        "id": 85,
        "name": "maaf list ini sedang di test, mohon coba lagi",
        "data": {
            "year": "2019",
            "price": "1849.99",
            "CPU model": "Intel Core i9",
            "Hard disk size": "1 TB",
            "color": "red",
            "capacity": 2,
            "screen_size": 14
        }
    },
    {
        "id": 75,
        "name": "Nah ini test untuk partial",
        "data": {
            "year": "1998",
            "price": "1849.99",
            "CPU model": "Intel Core i9",
            "Hard disk size": "1 TB",
            "color": "red",
            "capacity": 2,
            "screen_size": 14
        }
    },
    {
        "id": 48,
        "name": "Apple MacBook Pro 16 Nikko4",
        "data": {
            "year": "2019",
            "price": "1849.99",
            "CPU model": "Intel Core i9",
            "Hard disk size": "1 TB",
            "color": "red",
            "capacity": 2,
            "screen_size": 14
        }
    },
    {
        "id": 65,
        "name": "Apple MacBook Pro 1611-albert12",
        "data": {
            "year": "2030",
            "price": "1849.99",
            "CPU model": "Intel Core i9",
            "Hard disk size": "1 TB",
            "color": "yellow",
            "capacity": 2,
            "screen_size": 14
        }
    },
    {
        "id": 82,
        "name": "Apple MacBook Pro 16",
        "data": {
            "year": "2019",
            "price": "1849.99",
            "CPU model": "Intel Core i9",
            "Hard disk size": "1 TB",
            "color": "red",
            "capacity": 2,
            "screen_size": 14
        }
    },
    {
        "id": 52,
        "name": "Apple MacBook Pro 16",
        "data": {
            "year": "2019",
            "price": "1849.99",
            "CPU model": "Intel Core i9",
            "Hard disk size": "1 TB",
            "color": "red",
            "capacity": 2,
            "screen_size": 14
        }
    },
    {
        "id": 21,
        "name": "Apple MacBook Pro 1611-albert12",
        "data": {
            "year": "2030",
            "price": "1849.99",
            "CPU model": "Intel Core i9",
            "Hard disk size": "1 TB",
            "color": "black",
            "capacity": 2,
            "screen_size": 14
        }
    },
    {
        "id": 35,
        "name": "Apple MacBook Pro 1611-albert12",
        "data": {
            "year": "2030",
            "price": "1849.99",
            "CPU model": "Intel Core i9",
            "Hard disk size": "1 TB",
            "color": "red",
            "capacity": 2,
            "screen_size": 14
        }
    },
    {
        "id": 37,
        "name": "Apple MacBook Pro 1611-Maria06",
        "data": {
            "year": "2025",
            "price": "1849.99",
            "CPU model": "Intel Core i9",
            "Hard disk size": "1 TB",
            "color": "red",
            "capacity": 2,
            "screen_size": 14
        }
    },
    {
        "id": 70,
        "name": "Apple MacBook Pro 1611-albert12",
        "data": {
            "year": "2030",
            "price": "1849.99",
            "CPU model": "Intel Core i9",
            "Hard disk size": "1 TB",
            "color": "red",
            "capacity": 2,
            "screen_size": 14
        }
    },
    {
        "id": 78,
        "name": "Apple MacBook Pro 16",
        "data": {
            "year": "2019",
            "price": "1849.99",
            "CPU model": "Intel Core i9",
            "Hard disk size": "1 TB",
            "color": "red",
            "capacity": 2,
            "screen_size": 14
        }
    },
    {
        "id": 87,
        "name": "Apple MacBook Pro 16",
        "data": {
            "year": "2019",
            "price": "1849.99",
            "CPU model": "Intel Core i9",
            "Hard disk size": "1 TB",
            "color": "red",
            "capacity": 2,
            "screen_size": 14
        }
    },
    {
        "id": 88,
        "name": "Apple MacBook Pro 16",
        "data": {
            "year": "2019",
            "price": "1849.99",
            "CPU model": "Intel Core i9",
            "Hard disk size": "1 TB",
            "color": "red",
            "capacity": 2,
            "screen_size": 14
        }
    },
    {
        "id": 89,
        "name": "Apple MacBook Pro 16",
        "data": {
            "year": "2019",
            "price": "1849.99",
            "CPU model": "Intel Core i9",
            "Hard disk size": "1 TB",
            "color": "red",
            "capacity": 2,
            "screen_size": 14
        }
    },
    {
        "id": 90,
        "name": "Apple MacBook Pro 16",
        "data": {
            "year": "2019",
            "price": "1849.99",
            "CPU model": "Intel Core i9",
            "Hard disk size": "1 TB",
            "color": "red",
            "capacity": 2,
            "screen_size": 14
        }
    },
    {
        "id": 91,
        "name": "Apple MacBook Pro 16",
        "data": {
            "year": "2019",
            "price": "1849.99",
            "CPU model": "Intel Core i9",
            "Hard disk size": "1 TB",
            "color": "red",
            "capacity": 2,
            "screen_size": 14
        }
    },
    {
        "id": 93,
        "name": "Apple MacBook Pro 16",
        "data": {
            "year": "2019",
            "price": "1849.99",
            "CPU model": "Intel Core i9",
            "Hard disk size": "1 TB",
            "color": "red",
            "capacity": 2,
            "screen_size": 14
        }
    },
    {
        "id": 135,
        "name": "Apple MacBook Pro 16",
        "data": {
            "year": "2019",
            "price": "1849.99",
            "CPU model": "Intel Core i9",
            "Hard disk size": "1 TB",
            "color": "red",
            "capacity": 2,
            "screen_size": 14
        }
    },
    {
        "id": 95,
        "name": "Apple MacBook Pro 16 Nikko",
        "data": {
            "year": "2019",
            "price": "1849.99",
            "CPU model": "Intel Core i9",
            "Hard disk size": "1 TB",
            "color": "red",
            "capacity": 2,
            "screen_size": 14
        }
    },
    {
        "id": 133,
        "name": "Apple MacBook Pro 16",
        "data": {
            "year": "2019",
            "price": "1849.99",
            "CPU model": "Intel Core i9",
            "Hard disk size": "1 TB",
            "color": "red",
            "capacity": 2,
            "screen_size": 14
        }
    },
    {
        "id": 96,
        "name": "Apple MacBook Pro 16 Nikko",
        "data": {
            "year": "2019",
            "price": "1849.99",
            "CPU model": "Intel Core i9",
            "Hard disk size": "1 TB",
            "color": "red",
            "capacity": 2,
            "screen_size": 14
        }
    },
    {
        "id": 136,
        "name": "Apple MacBook Pro 16",
        "data": {
            "year": "2019",
            "price": "1849.99",
            "CPU model": "Intel Core i9",
            "Hard disk size": "1 TB",
            "color": "red",
            "capacity": 2,
            "screen_size": 14
        }
    },
    {
        "id": 99,
        "name": "Apple MacBook Pro 16",
        "data": {
            "year": "2019",
            "price": "1849.99",
            "CPU model": "Intel Core i9",
            "Hard disk size": "1 TB",
            "color": "red",
            "capacity": 2,
            "screen_size": 14
        }
    },
    {
        "id": 102,
        "name": "Apple MacBook Pro 16 Nikko",
        "data": {
            "year": "2019",
            "price": "1849.99",
            "CPU model": "Intel Core i9",
            "Hard disk size": "1 TB",
            "color": "red",
            "capacity": 2,
            "screen_size": 14
        }
    },
    {
        "id": 103,
        "name": "Apple MacBook Pro 16",
        "data": {
            "year": "2019",
            "price": "1849.99",
            "CPU model": "Intel Core i9",
            "Hard disk size": "1 TB",
            "color": "red",
            "capacity": 2,
            "screen_size": 14
        }
    },
    {
        "id": 105,
        "name": "Apple MacBook Pro 16",
        "data": {
            "year": "2019",
            "price": "1849.99",
            "CPU model": "Intel Core i9",
            "Hard disk size": "1 TB",
            "color": "red",
            "capacity": 2,
            "screen_size": 14
        }
    },
    {
        "id": 107,
        "name": "Apple MacBook Pro 16",
        "data": {
            "year": "2019",
            "price": "1849.99",
            "CPU model": "Intel Core i9",
            "Hard disk size": "1 TB",
            "color": "red",
            "capacity": 2,
            "screen_size": 14
        }
    },
    {
        "id": 101,
        "name": "Laptop Gaming Cuy",
        "data": {
            "year": "2025",
            "price": "23500000",
            "CPU model": "Intel Core i9",
            "Hard disk size": "1 TB",
            "color": "Black",
            "capacity": 2,
            "screen_size": 16
        }
    },
    {
        "id": 106,
        "name": "Apple MacBook Pro 17",
        "data": {
            "year": "2019",
            "price": "1849.99",
            "CPU model": "Intel Core i9",
            "Hard disk size": "1 TB",
            "color": "red",
            "capacity": 2,
            "screen_size": 14
        }
    },
    {
        "id": 94,
        "name": "Apple MacBook Pro X 22",
        "data": {
            "year": "2022",
            "price": "1849.99",
            "CPU model": "Intel Core i9",
            "Hard disk size": "1 TB",
            "color": "red",
            "capacity": 2,
            "screen_size": 14
        }
    },
    {
        "id": 104,
        "name": "Apple MacBook Pro 1611-albert12",
        "data": {
            "year": "2030",
            "price": "1849.99",
            "CPU model": "Intel Core i9",
            "Hard disk size": "1 TB",
            "color": "red",
            "capacity": 2,
            "screen_size": 14
        }
    },
    {
        "id": 110,
        "name": "Apple MacBook Pro 16",
        "data": {
            "year": "2019",
            "price": "1849.99",
            "CPU model": "Intel Core i9",
            "Hard disk size": "1 TB",
            "color": "red",
            "capacity": 2,
            "screen_size": 14
        }
    },
    {
        "id": 111,
        "name": "Asus Notebook Yuana",
        "data": {
            "year": "2025",
            "price": "1000",
            "CPU model": "Intel I3",
            "Hard disk size": "500 GB",
            "color": "red",
            "capacity": 2,
            "screen_size": 15
        }
    },
    {
        "id": 112,
        "name": "Asus Notebook Yuana",
        "data": {
            "year": "2025",
            "price": "1000",
            "CPU model": "Intel I3",
            "Hard disk size": "500 GB",
            "color": "red",
            "capacity": 2,
            "screen_size": 15
        }
    },
    {
        "id": 113,
        "name": "Apple MacBook Pro 16",
        "data": {
            "year": "2019",
            "price": "1849.99",
            "CPU model": "Intel Core i9",
            "Hard disk size": "1 TB",
            "color": "red",
            "capacity": 2,
            "screen_size": 14
        }
    },
    {
        "id": 114,
        "name": "Apple MacBook Pro 16",
        "data": {
            "year": "2019",
            "price": "1849.99",
            "CPU model": "Intel Core i9",
            "Hard disk size": "1 TB",
            "color": "red",
            "capacity": 2,
            "screen_size": 14
        }
    },
    {
        "id": 115,
        "name": "Apple MacBook Pro 16",
        "data": {
            "year": "2019",
            "price": "1849.99",
            "CPU model": "Intel Core i9",
            "Hard disk size": "1 TB",
            "color": "red",
            "capacity": 2,
            "screen_size": 14
        }
    },
    {
        "id": 116,
        "name": "Apple MacBook Pro 16",
        "data": {
            "year": "2019",
            "price": "1849.99",
            "CPU model": "Intel Core i9",
            "Hard disk size": "1 TB",
            "color": "red",
            "capacity": 2,
            "screen_size": 14
        }
    },
    {
        "id": 118,
        "name": "Asus Notebook Yuana",
        "data": {
            "year": "2025",
            "price": "1000",
            "CPU model": "Intel I3",
            "Hard disk size": "500 GB",
            "color": "red",
            "capacity": 2,
            "screen_size": 15
        }
    },
    {
        "id": 119,
        "name": "Asus Notebook Yuana",
        "data": {
            "year": "2025",
            "price": "1000",
            "CPU model": "Intel I3",
            "Hard disk size": "500 GB",
            "color": "red",
            "capacity": 2,
            "screen_size": 15
        }
    },
    {
        "id": 120,
        "name": "Apple MacBook Pro 16",
        "data": {
            "year": "2019",
            "price": "1849.99",
            "CPU model": "Intel Core i9",
            "Hard disk size": "1 TB",
            "color": "red",
            "capacity": 2,
            "screen_size": 14
        }
    },
    {
        "id": 117,
        "name": "Apple MacBook Pro 16",
        "data": {
            "year": "2019",
            "price": "1849.99",
            "CPU model": "Intel Core i9",
            "Hard disk size": "1 TB",
            "color": "red",
            "capacity": 2,
            "screen_size": 14
        }
    },
    {
        "id": 108,
        "name": "Lenovo Thinkpad T14s - Drajatp",
        "data": {
            "year": "2024",
            "price": "2049.99",
            "CPU model": "Intel vPRO Enterprise",
            "Hard disk size": "500 GB",
            "color": "black",
            "capacity": 4,
            "screen_size": 14
        }
    },
    {
        "id": 123,
        "name": "HP Notebook Yuana",
        "data": {
            "year": "2025",
            "price": "4000",
            "CPU model": "Intel I7",
            "Hard disk size": "500 GB",
            "color": "hitam",
            "capacity": 2,
            "screen_size": 15
        }
    },
    {
        "id": 128,
        "name": "ACER Notebook Yuana",
        "data": {
            "year": "2024",
            "price": "4000",
            "CPU model": "Intel I7",
            "Hard disk size": "500 GB",
            "color": "hitam",
            "capacity": 2,
            "screen_size": 15
        }
    },
    {
        "id": 124,
        "name": "ACER Notebook Yuana",
        "data": {
            "year": "2024",
            "price": "4000",
            "CPU model": "Intel I7",
            "Hard disk size": "500 GB",
            "color": "hitam",
            "capacity": 2,
            "screen_size": 15
        }
    },
    {
        "id": 129,
        "name": "Apple MacBook Pro 16",
        "data": {
            "year": "2019",
            "price": "1849.99",
            "CPU model": "Intel Core i9",
            "Hard disk size": "1 TB",
            "color": "red",
            "capacity": 2,
            "screen_size": 14
        }
    },
    {
        "id": 139,
        "name": "Apple MacBook Pro 16",
        "data": {
            "year": "2019",
            "price": "1849.99",
            "CPU model": "Intel Core i9",
            "Hard disk size": "1 TB",
            "color": "red",
            "capacity": 2,
            "screen_size": 14
        }
    },
    {
        "id": 130,
        "name": "ACER Notebook Yuana",
        "data": {
            "year": "2024",
            "price": "4000",
            "CPU model": "Intel I7",
            "Hard disk size": "500 GB",
            "color": "hitam",
            "capacity": 2,
            "screen_size": 15
        }
    },
    {
        "id": 138,
        "name": "Apple MacBook Pro 1611-albert12",
        "data": {
            "year": "2030",
            "price": "1849.99",
            "CPU model": "Intel Core i9",
            "Hard disk size": "1 TB",
            "color": "red",
            "capacity": 2,
            "screen_size": 14
        }
    },
    {
        "id": 131,
        "name": "ACER Notebook Yuana",
        "data": {
            "year": "2024",
            "price": "4000",
            "CPU model": "Intel I7",
            "Hard disk size": "500 GB",
            "color": "hitam",
            "capacity": 2,
            "screen_size": 15
        }
    },
    {
        "id": 140,
        "name": "Acer Aspire Lite AL14-52M-54V4",
        "data": {
            "year": "2024",
            "price": "10000000",
            "CPU model": "Intel Core i5-1334 CPU @1.30-4.60Ghz",
            "Hard disk size": "512GB SSD M2 NVMe",
            "color": "black",
            "capacity": 10,
            "screen_size": 14
        }
    },
    {
        "id": 132,
        "name": "ACER Notebook Yuana",
        "data": {
            "year": "2024",
            "price": "4000",
            "CPU model": "Intel I7",
            "Hard disk size": "500 GB",
            "color": "hitam",
            "capacity": 2,
            "screen_size": 15
        }
    },
    {
        "id": 142,
        "name": "Apple MacBook Pro 16",
        "data": {
            "year": "2019",
            "price": "1849.99",
            "CPU model": "Intel Core i9",
            "Hard disk size": "1 TB",
            "color": "red",
            "capacity": 2,
            "screen_size": 14
        }
    },
    {
        "id": 97,
        "name": "Apple MacBook Pro 16",
        "data": {
            "year": "2019",
            "price": "1849.99",
            "CPU model": "Intel Core i9",
            "Hard disk size": "1 TB",
            "color": "red",
            "capacity": 2,
            "screen_size": 14
        }
    },
    {
        "id": 143,
        "name": "Apple MacBook Pro 16",
        "data": {
            "year": "2019",
            "price": "1849.99",
            "CPU model": "Intel Core i9",
            "Hard disk size": "1 TB",
            "color": "red",
            "capacity": 2,
            "screen_size": 14
        }
    },
    {
        "id": 144,
        "name": "Apple MacBook Pro 16",
        "data": {
            "year": "2019",
            "price": "1849.99",
            "CPU model": "Intel Core i9",
            "Hard disk size": "1 TB",
            "color": "red",
            "capacity": 2,
            "screen_size": 14
        }
    },
    {
        "id": 100,
        "name": "Apple MacBook Pro 1611-albert12",
        "data": {
            "year": "2030",
            "price": "1849.99",
            "CPU model": "Intel Core i9",
            "Hard disk size": "1 TB",
            "color": "red",
            "capacity": 2,
            "screen_size": 14
        }
    },
    {
        "id": 145,
        "name": "Apple MacBook Pro 16",
        "data": {
            "year": "2019",
            "price": "1849.99",
            "CPU model": "Intel Core i9",
            "Hard disk size": "1 TB",
            "color": "red",
            "capacity": 2,
            "screen_size": 14
        }
    },
    {
        "id": 121,
        "name": "Apple MacBook Pro 1611-albert12",
        "data": {
            "year": "2030",
            "price": "4000",
            "CPU model": "Intel I7",
            "Hard disk size": "500 GB",
            "color": "hitam",
            "capacity": 2,
            "screen_size": 15
        }
    }
]
]]></system-out>
  </testcase>
  <testcase name="testAddObject" classname="restassured.RestAssuredImpl" time="0.686">
    <system-out><![CDATA[Request method:	POST
Request URI:	https://whitesmokehouse.com/webhook/api/objects
Proxy:			<none>
Request params:	<none>
Query params:	<none>
Form params:	<none>
Path params:	<none>
Headers:		Authorization=Bearer eyJhbGciOiJIUzI1NiIsInR5cCI6IkpXVCJ9.eyJpZCI6IjE0NyIsImlhdCI6MTc0NzYyMTA0N30.g8yhkq2H2IszrECwwS5myUQqo1v1rwSqI3hFX3CPjuI
				Accept=*/*
				Content-Type=application/json
Cookies:		<none>
Multiparts:		<none>
Body:
{
    "name": "Apple MacBook Pro 16",
    "data": {
        "year": 2019,
        "price": 1849.99,
        "cpu_model": "Intel Core i9",
        "hard_disk_size": "1 TB",
        "capacity": "2 cpu",
        "screen_size": "14 Inch",
        "color": "red"
    }
}
Response: [
    {
        "id": 149,
        "name": "Apple MacBook Pro 16",
        "data": {
            "year": "2019",
            "price": 1849.99,
            "cpu_model": "Intel Core i9",
            "hard_disk_size": "1 TB",
            "color": "red",
            "capacity": "2 cpu",
            "screen_size": "14 Inch"
        }
    }
]
]]></system-out>
  </testcase>
  <testcase name="SingleObject" classname="restassured.RestAssuredImpl" time="0.613">
    <system-out><![CDATA[Request method:	GET
Request URI:	https://whitesmokehouse.com/webhook/8749129e-f5f7-4ae6-9b03-93be7252443c/api/objects/149
Proxy:			<none>
Request params:	<none>
Query params:	<none>
Form params:	<none>
Path params:	<none>
Headers:		Authorization=Bearer eyJhbGciOiJIUzI1NiIsInR5cCI6IkpXVCJ9.eyJpZCI6IjE0NyIsImlhdCI6MTc0NzYyMTA0N30.g8yhkq2H2IszrECwwS5myUQqo1v1rwSqI3hFX3CPjuI
				Accept=*/*
				Content-Type=application/json
Cookies:		<none>
Multiparts:		<none>
Body:			<none>
Response: {
    "id": 149,
    "name": "Apple MacBook Pro 16",
    "data": {
        "year": "2019",
        "price": "1849.99",
        "cpu_model": "Intel Core i9",
        "hard_disk_size": "1 TB",
        "color": "red",
        "capacity": 2,
        "screen_size": 14
    }
}
]]></system-out>
  </testcase>
  <testcase name="ListOfObjectsByIds" classname="restassured.RestAssuredImpl" time="0.887">
    <system-out><![CDATA[Request method:	GET
Request URI:	https://whitesmokehouse.com/webhook/api/objectslistId?id=3
Proxy:			<none>
Request params:	id=3
Query params:	<none>
Form params:	<none>
Path params:	<none>
Headers:		Authorization=Bearer eyJhbGciOiJIUzI1NiIsInR5cCI6IkpXVCJ9.eyJpZCI6IjE0NyIsImlhdCI6MTc0NzYyMTA0N30.g8yhkq2H2IszrECwwS5myUQqo1v1rwSqI3hFX3CPjuI
				Accept=*/*
				Content-Type=application/json
Cookies:		<none>
Multiparts:		<none>
Body:			<none>
Response: [
    {
        "id": 149,
        "name": "Apple MacBook Pro 16",
        "data": {
            "year": "2019",
            "price": "1849.99",
            "cpu_model": "Intel Core i9",
            "hard_disk_size": "1 TB",
            "color": "red",
            "capacity": 2,
            "screen_size": 14
        }
    }
]
]]></system-out>
  </testcase>
  <testcase name="testUpdateObject" classname="restassured.RestAssuredImpl" time="0.67">
    <system-out><![CDATA[Request method:	PUT
Request URI:	https://whitesmokehouse.com/webhook/37777abe-a5ef-4570-a383-c99b5f5f7906/api/objects/149
Proxy:			<none>
Request params:	<none>
Query params:	<none>
Form params:	<none>
Path params:	<none>
Headers:		Authorization=Bearer eyJhbGciOiJIUzI1NiIsInR5cCI6IkpXVCJ9.eyJpZCI6IjE0NyIsImlhdCI6MTc0NzYyMTA0N30.g8yhkq2H2IszrECwwS5myUQqo1v1rwSqI3hFX3CPjuI
				Accept=*/*
				Content-Type=application/json
Cookies:		<none>
Multiparts:		<none>
Body:
{
    "name": "Apple MacBook Pro 18",
    "data": {
        "year": 2019,
        "price": 1849.99,
        "cpu_model": "Intel Core i9",
        "hard_disk_size": "1 TB",
        "capacity": "2 cpu",
        "screen_size": "14 Inch",
        "color": "blue"
    }
}
Response: [
    {
        "id": 149,
        "name": "Apple MacBook Pro 18",
        "data": {
            "year": "2019",
            "price": 1849.99,
            "CPU model": "Intel Core i9",
            "Hard disk size": "1 TB",
            "color": "blue",
            "capacity": "2 cpu",
            "screen_size": "14 Inch"
        }
    }
]
]]></system-out>
  </testcase>
  <testcase name="PartiallyUpdateObject" classname="restassured.RestAssuredImpl" time="0.688">
    <system-out><![CDATA[Request method:	PATCH
Request URI:	https://whitesmokehouse.com/webhook/39a0f904-b0f2-4428-80a3-391cea5d7d04/api/object/149
Proxy:			<none>
Request params:	<none>
Query params:	<none>
Form params:	<none>
Path params:	<none>
Headers:		Authorization=Bearer eyJhbGciOiJIUzI1NiIsInR5cCI6IkpXVCJ9.eyJpZCI6IjE0NyIsImlhdCI6MTc0NzYyMTA0N30.g8yhkq2H2IszrECwwS5myUQqo1v1rwSqI3hFX3CPjuI
				Accept=*/*
				Content-Type=application/json
Cookies:		<none>
Multiparts:		<none>
Body:
{
    "name": "Apple MacBook Pro 1611-daffa",
    "year": "2030"
}
Response: {
    "id": 149,
    "name": "Apple MacBook Pro 1611-daffa",
    "data": {
        "year": "2030",
        "price": "1849.99",
        "cpu_model": "Intel Core i9",
        "hard_disk_size": "1 TB",
        "color": "blue",
        "capacity": "2 cpu",
        "screen_size": "14 Inch"
    }
}
]]></system-out>
  </testcase>
  <testcase name="testDeleteObject" classname="restassured.RestAssuredImpl" time="0.617">
    <system-out><![CDATA[Request method:	DELETE
Request URI:	https://whitesmokehouse.com/webhook/d79a30ed-1066-48b6-83f5-556120afc46f/api/objects/149
Proxy:			<none>
Request params:	<none>
Query params:	<none>
Form params:	<none>
Path params:	<none>
Headers:		Authorization=Bearer eyJhbGciOiJIUzI1NiIsInR5cCI6IkpXVCJ9.eyJpZCI6IjE0NyIsImlhdCI6MTc0NzYyMTA0N30.g8yhkq2H2IszrECwwS5myUQqo1v1rwSqI3hFX3CPjuI
				Accept=*/*
				Content-Type=application/json
Cookies:		<none>
Multiparts:		<none>
Body:			<none>
Response: {
    "status": "deleted",
    "message": "Object with id = 149, has been deleted."
}
]]></system-out>
  </testcase>
</testsuite>