<?xml version="1.0" encoding="UTF-8"?>
<testng-results ignored="0" total="10" passed="10" failed="0" skipped="0">
  <reporter-output>
  </reporter-output>
  <suite started-at="2025-05-18T11:26:22 WIB" name="SimpleSuite" finished-at="2025-05-18T11:26:25 WIB" duration-ms="3364">
    <groups>
    </groups>
    <test started-at="2025-05-18T11:26:22 WIB" name="SimpleRegression" finished-at="2025-05-18T11:26:25 WIB" duration-ms="3364">
      <class name="restassured.RestAssuredImpl">
        <test-method is-config="true" signature="setup()[pri:0, instance:restassured.RestAssuredImpl@61862a7f]" started-at="2025-05-18T11:26:22 WIB" name="setup" finished-at="2025-05-18T11:26:22 WIB" duration-ms="247" status="PASS">
          <reporter-output>
          </reporter-output>
        </test-method> <!-- setup -->
        <test-method signature="testLogin()[pri:0, instance:restassured.RestAssuredImpl@61862a7f]" started-at="2025-05-18T11:26:22 WIB" name="testLogin" finished-at="2025-05-18T11:26:23 WIB" duration-ms="1291" status="PASS">
          <reporter-output>
          </reporter-output>
        </test-method> <!-- testLogin -->
        <test-method signature="ListOfObjectsByIds()[pri:0, instance:restassured.RestAssuredImpl@61862a7f]" started-at="2025-05-18T11:26:23 WIB" name="ListOfObjectsByIds" finished-at="2025-05-18T11:26:23 WIB" depends-on-methods="restassured.RestAssuredImpl.testLogin" duration-ms="258" status="PASS">
          <reporter-output>
          </reporter-output>
        </test-method> <!-- ListOfObjectsByIds -->
        <test-method signature="PartiallyUpdateObject()[pri:0, instance:restassured.RestAssuredImpl@61862a7f]" started-at="2025-05-18T11:26:23 WIB" name="PartiallyUpdateObject" finished-at="2025-05-18T11:26:24 WIB" depends-on-methods="restassured.RestAssuredImpl.testLogin" duration-ms="257" status="PASS">
          <reporter-output>
          </reporter-output>
        </test-method> <!-- PartiallyUpdateObject -->
        <test-method signature="SingleObject()[pri:0, instance:restassured.RestAssuredImpl@61862a7f]" started-at="2025-05-18T11:26:24 WIB" name="SingleObject" finished-at="2025-05-18T11:26:24 WIB" depends-on-methods="restassured.RestAssuredImpl.testLogin" duration-ms="133" status="PASS">
          <reporter-output>
          </reporter-output>
        </test-method> <!-- SingleObject -->
        <test-method signature="testGetAllDepartments()[pri:0, instance:restassured.RestAssuredImpl@61862a7f]" started-at="2025-05-18T11:26:24 WIB" name="testGetAllDepartments" finished-at="2025-05-18T11:26:24 WIB" depends-on-methods="restassured.RestAssuredImpl.testLogin" duration-ms="195" status="PASS">
          <reporter-output>
          </reporter-output>
        </test-method> <!-- testGetAllDepartments -->
        <test-method signature="testGetListAllObjects()[pri:0, instance:restassured.RestAssuredImpl@61862a7f]" started-at="2025-05-18T11:26:24 WIB" name="testGetListAllObjects" finished-at="2025-05-18T11:26:24 WIB" depends-on-methods="restassured.RestAssuredImpl.testLogin" duration-ms="198" status="PASS">
          <reporter-output>
          </reporter-output>
        </test-method> <!-- testGetListAllObjects -->
        <test-method signature="testRegister()[pri:0, instance:restassured.RestAssuredImpl@61862a7f]" started-at="2025-05-18T11:26:24 WIB" name="testRegister" finished-at="2025-05-18T11:26:24 WIB" duration-ms="185" status="PASS">
          <reporter-output>
          </reporter-output>
        </test-method> <!-- testRegister -->
        <test-method signature="testAddObject()[pri:1, instance:restassured.RestAssuredImpl@61862a7f]" started-at="2025-05-18T11:26:24 WIB" name="testAddObject" finished-at="2025-05-18T11:26:25 WIB" depends-on-methods="restassured.RestAssuredImpl.testLogin" duration-ms="212" status="PASS">
          <reporter-output>
          </reporter-output>
        </test-method> <!-- testAddObject -->
        <test-method signature="testUpdateObject()[pri:2, instance:restassured.RestAssuredImpl@61862a7f]" started-at="2025-05-18T11:26:25 WIB" name="testUpdateObject" finished-at="2025-05-18T11:26:25 WIB" depends-on-methods="restassured.RestAssuredImpl.testLogin" duration-ms="200" status="PASS">
          <reporter-output>
          </reporter-output>
        </test-method> <!-- testUpdateObject -->
        <test-method signature="testDeleteObject()[pri:3, instance:restassured.RestAssuredImpl@61862a7f]" started-at="2025-05-18T11:26:25 WIB" name="testDeleteObject" finished-at="2025-05-18T11:26:25 WIB" depends-on-methods="restassured.RestAssuredImpl.testLogin" duration-ms="158" status="PASS">
          <reporter-output>
          </reporter-output>
        </test-method> <!-- testDeleteObject -->
      </class> <!-- restassured.RestAssuredImpl -->
    </test> <!-- SimpleRegression -->
  </suite> <!-- SimpleSuite -->
</testng-results>
