<?xml version="1.0" encoding="UTF-8"?>
<testng-results ignored="0" total="10" passed="10" failed="0" skipped="0">
  <reporter-output>
  </reporter-output>
  <suite started-at="2025-05-19T09:17:24 WIB" name="SimpleSuite" finished-at="2025-05-19T09:17:33 WIB" duration-ms="8308">
    <groups>
    </groups>
    <test started-at="2025-05-19T09:17:24 WIB" name="SimpleRegression" finished-at="2025-05-19T09:17:33 WIB" duration-ms="8308">
      <class name="restassured.RestAssuredImpl">
        <test-method is-config="true" signature="setup()[pri:0, instance:restassured.RestAssuredImpl@61862a7f]" started-at="2025-05-19T09:17:24 WIB" name="setup" finished-at="2025-05-19T09:17:25 WIB" duration-ms="251" status="PASS">
          <reporter-output>
          </reporter-output>
        </test-method> <!-- setup -->
        <test-method signature="testRegister()[pri:0, instance:restassured.RestAssuredImpl@61862a7f]" started-at="2025-05-19T09:17:25 WIB" name="testRegister" finished-at="2025-05-19T09:17:26 WIB" duration-ms="1854" status="PASS">
          <reporter-output>
          </reporter-output>
        </test-method> <!-- testRegister -->
        <test-method signature="testLogin()[pri:1, instance:restassured.RestAssuredImpl@61862a7f]" started-at="2025-05-19T09:17:26 WIB" name="testLogin" finished-at="2025-05-19T09:17:27 WIB" duration-ms="640" status="PASS">
          <reporter-output>
          </reporter-output>
        </test-method> <!-- testLogin -->
        <test-method signature="testGetAllDepartments()[pri:0, instance:restassured.RestAssuredImpl@61862a7f]" started-at="2025-05-19T09:17:27 WIB" name="testGetAllDepartments" finished-at="2025-05-19T09:17:28 WIB" depends-on-methods="restassured.RestAssuredImpl.testLogin" duration-ms="697" status="PASS">
          <reporter-output>
          </reporter-output>
        </test-method> <!-- testGetAllDepartments -->
        <test-method signature="testGetListAllObjects()[pri:0, instance:restassured.RestAssuredImpl@61862a7f]" started-at="2025-05-19T09:17:28 WIB" name="testGetListAllObjects" finished-at="2025-05-19T09:17:28 WIB" depends-on-methods="restassured.RestAssuredImpl.testLogin" duration-ms="660" status="PASS">
          <reporter-output>
          </reporter-output>
        </test-method> <!-- testGetListAllObjects -->
        <test-method signature="testAddObject()[pri:2, instance:restassured.RestAssuredImpl@61862a7f]" started-at="2025-05-19T09:17:28 WIB" name="testAddObject" finished-at="2025-05-19T09:17:29 WIB" depends-on-methods="restassured.RestAssuredImpl.testLogin" duration-ms="701" status="PASS">
          <reporter-output>
          </reporter-output>
        </test-method> <!-- testAddObject -->
        <test-method signature="SingleObject()[pri:3, instance:restassured.RestAssuredImpl@61862a7f]" started-at="2025-05-19T09:17:29 WIB" name="SingleObject" finished-at="2025-05-19T09:17:30 WIB" depends-on-methods="restassured.RestAssuredImpl.testLogin" duration-ms="613" status="PASS">
          <reporter-output>
          </reporter-output>
        </test-method> <!-- SingleObject -->
        <test-method signature="ListOfObjectsByIds()[pri:4, instance:restassured.RestAssuredImpl@61862a7f]" started-at="2025-05-19T09:17:30 WIB" name="ListOfObjectsByIds" finished-at="2025-05-19T09:17:31 WIB" depends-on-methods="restassured.RestAssuredImpl.testLogin" duration-ms="887" status="PASS">
          <reporter-output>
          </reporter-output>
        </test-method> <!-- ListOfObjectsByIds -->
        <test-method signature="testUpdateObject()[pri:5, instance:restassured.RestAssuredImpl@61862a7f]" started-at="2025-05-19T09:17:31 WIB" name="testUpdateObject" finished-at="2025-05-19T09:17:31 WIB" depends-on-methods="restassured.RestAssuredImpl.testLogin" duration-ms="670" status="PASS">
          <reporter-output>
          </reporter-output>
        </test-method> <!-- testUpdateObject -->
        <test-method signature="PartiallyUpdateObject()[pri:6, instance:restassured.RestAssuredImpl@61862a7f]" started-at="2025-05-19T09:17:31 WIB" name="PartiallyUpdateObject" finished-at="2025-05-19T09:17:32 WIB" depends-on-methods="restassured.RestAssuredImpl.testLogin" duration-ms="688" status="PASS">
          <reporter-output>
          </reporter-output>
        </test-method> <!-- PartiallyUpdateObject -->
        <test-method signature="testDeleteObject()[pri:7, instance:restassured.RestAssuredImpl@61862a7f]" started-at="2025-05-19T09:17:32 WIB" name="testDeleteObject" finished-at="2025-05-19T09:17:33 WIB" depends-on-methods="restassured.RestAssuredImpl.testLogin" duration-ms="617" status="PASS">
          <reporter-output>
          </reporter-output>
        </test-method> <!-- testDeleteObject -->
      </class> <!-- restassured.RestAssuredImpl -->
    </test> <!-- SimpleRegression -->
  </suite> <!-- SimpleSuite -->
</testng-results>
